{"C:\\Users\\rafal\\Documents\\GitHub\\job-tracker-pro\\src\\hooks\\useLocalStorage.ts": {"path":"C:\\Users\\rafal\\Documents\\GitHub\\job-tracker-pro\\src\\hooks\\useLocalStorage.ts","statementMap":{"0":{"start":{"line":13,"column":22},"end":{"line":21,"column":null}},"1":{"start":{"line":14,"column":4},"end":{"line":19,"column":null}},"2":{"start":{"line":15,"column":19},"end":{"line":15,"column":51}},"3":{"start":{"line":16,"column":6},"end":{"line":16,"column":null}},"4":{"start":{"line":18,"column":6},"end":{"line":18,"column":null}},"5":{"start":{"line":19,"column":6},"end":{"line":19,"column":null}},"6":{"start":{"line":25,"column":8},"end":{"line":35,"column":11}},"7":{"start":{"line":26,"column":4},"end":{"line":33,"column":null}},"8":{"start":{"line":27,"column":6},"end":{"line":31,"column":null}},"9":{"start":{"line":28,"column":29},"end":{"line":28,"column":null}},"10":{"start":{"line":29,"column":8},"end":{"line":29,"column":null}},"11":{"start":{"line":30,"column":8},"end":{"line":30,"column":null}},"12":{"start":{"line":33,"column":6},"end":{"line":33,"column":null}},"13":{"start":{"line":37,"column":2},"end":{"line":37,"column":null}}},"fnMap":{"0":{"name":"useLocalStorage","decl":{"start":{"line":12,"column":16},"end":{"line":12,"column":35}},"loc":{"start":{"line":12,"column":65},"end":{"line":37,"column":null}},"line":12},"1":{"name":"(anonymous_1)","decl":{"start":{"line":13,"column":40},"end":{"line":13,"column":58}},"loc":{"start":{"line":13,"column":58},"end":{"line":21,"column":null}},"line":13},"2":{"name":"(anonymous_2)","decl":{"start":{"line":25,"column":19},"end":{"line":25,"column":32}},"loc":{"start":{"line":25,"column":63},"end":{"line":35,"column":6}},"line":25},"3":{"name":"(anonymous_3)","decl":{"start":{"line":27,"column":6},"end":{"line":27,"column":21}},"loc":{"start":{"line":27,"column":29},"end":{"line":31,"column":null}},"line":27}},"branchMap":{"0":{"loc":{"start":{"line":16,"column":13},"end":{"line":16,"column":null}},"type":"cond-expr","locations":[{"start":{"line":16,"column":20},"end":{"line":16,"column":36}},{"start":{"line":16,"column":39},"end":{"line":16,"column":null}}],"line":16},"1":{"loc":{"start":{"line":28,"column":29},"end":{"line":28,"column":null}},"type":"cond-expr","locations":[{"start":{"line":28,"column":57},"end":{"line":28,"column":68}},{"start":{"line":28,"column":71},"end":{"line":28,"column":null}}],"line":28}},"s":{"0":7,"1":5,"2":5,"3":5,"4":1,"5":1,"6":7,"7":2,"8":2,"9":2,"10":2,"11":2,"12":0,"13":7},"f":{"0":7,"1":5,"2":2,"3":2},"b":{"0":[2,3],"1":[1,1]},"meta":{"lastBranch":2,"lastFunction":4,"lastStatement":14,"seen":{"f:12:16:12:35":0,"s:13:22:21:Infinity":0,"f:13:40:13:58":1,"s:14:4:19:Infinity":1,"s:15:19:15:51":2,"s:16:6:16:Infinity":3,"b:16:20:16:36:16:39:16:Infinity":0,"s:18:6:18:Infinity":4,"s:19:6:19:Infinity":5,"s:25:8:35:11":6,"f:25:19:25:32":2,"s:26:4:33:Infinity":7,"s:27:6:31:Infinity":8,"f:27:6:27:21":3,"s:28:29:28:Infinity":9,"b:28:57:28:68:28:71:28:Infinity":1,"s:29:8:29:Infinity":10,"s:30:8:30:Infinity":11,"s:33:6:33:Infinity":12,"s:37:2:37:Infinity":13}}}
,"C:\\Users\\rafal\\Documents\\GitHub\\job-tracker-pro\\src\\utils\\authErrors.ts": {"path":"C:\\Users\\rafal\\Documents\\GitHub\\job-tracker-pro\\src\\utils\\authErrors.ts","statementMap":{"0":{"start":{"line":4,"column":13},"end":{"line":13,"column":null}},"1":{"start":{"line":5,"column":14},"end":{"line":5,"column":null}},"2":{"start":{"line":6,"column":2},"end":{"line":6,"column":null}},"3":{"start":{"line":6,"column":47},"end":{"line":6,"column":null}},"4":{"start":{"line":7,"column":2},"end":{"line":7,"column":null}},"5":{"start":{"line":7,"column":49},"end":{"line":7,"column":null}},"6":{"start":{"line":8,"column":2},"end":{"line":8,"column":null}},"7":{"start":{"line":8,"column":42},"end":{"line":8,"column":null}},"8":{"start":{"line":9,"column":2},"end":{"line":9,"column":null}},"9":{"start":{"line":9,"column":43},"end":{"line":9,"column":null}},"10":{"start":{"line":10,"column":2},"end":{"line":11,"column":null}},"11":{"start":{"line":11,"column":4},"end":{"line":11,"column":null}},"12":{"start":{"line":13,"column":2},"end":{"line":13,"column":null}}},"fnMap":{"0":{"name":"(anonymous_0)","decl":{"start":{"line":4,"column":13},"end":{"line":4,"column":36}},"loc":{"start":{"line":4,"column":63},"end":{"line":13,"column":null}},"line":4}},"branchMap":{"0":{"loc":{"start":{"line":5,"column":14},"end":{"line":5,"column":null}},"type":"cond-expr","locations":[{"start":{"line":5,"column":39},"end":{"line":5,"column":55}},{"start":{"line":5,"column":55},"end":{"line":5,"column":null}}],"line":5},"1":{"loc":{"start":{"line":6,"column":2},"end":{"line":6,"column":null}},"type":"if","locations":[{"start":{"line":6,"column":2},"end":{"line":6,"column":null}},{"start":{},"end":{}}],"line":6},"2":{"loc":{"start":{"line":7,"column":2},"end":{"line":7,"column":null}},"type":"if","locations":[{"start":{"line":7,"column":2},"end":{"line":7,"column":null}},{"start":{},"end":{}}],"line":7},"3":{"loc":{"start":{"line":8,"column":2},"end":{"line":8,"column":null}},"type":"if","locations":[{"start":{"line":8,"column":2},"end":{"line":8,"column":null}},{"start":{},"end":{}}],"line":8},"4":{"loc":{"start":{"line":9,"column":2},"end":{"line":9,"column":null}},"type":"if","locations":[{"start":{"line":9,"column":2},"end":{"line":9,"column":null}},{"start":{},"end":{}}],"line":9},"5":{"loc":{"start":{"line":10,"column":2},"end":{"line":11,"column":null}},"type":"if","locations":[{"start":{"line":10,"column":2},"end":{"line":11,"column":null}},{"start":{},"end":{}}],"line":10}},"s":{"0":1,"1":8,"2":8,"3":1,"4":7,"5":1,"6":6,"7":6,"8":5,"9":1,"10":4,"11":1,"12":3},"f":{"0":8},"b":{"0":[6,2],"1":[1,7],"2":[1,6],"3":[1,5],"4":[1,4],"5":[1,3]},"meta":{"lastBranch":6,"lastFunction":1,"lastStatement":13,"seen":{"s:4:13:13:Infinity":0,"f:4:13:4:36":0,"s:5:14:5:Infinity":1,"b:5:39:5:55:5:55:5:Infinity":0,"b:6:2:6:Infinity:undefined:undefined:undefined:undefined":1,"s:6:2:6:Infinity":2,"s:6:47:6:Infinity":3,"b:7:2:7:Infinity:undefined:undefined:undefined:undefined":2,"s:7:2:7:Infinity":4,"s:7:49:7:Infinity":5,"b:8:2:8:Infinity:undefined:undefined:undefined:undefined":3,"s:8:2:8:Infinity":6,"s:8:42:8:Infinity":7,"b:9:2:9:Infinity:undefined:undefined:undefined:undefined":4,"s:9:2:9:Infinity":8,"s:9:43:9:Infinity":9,"b:10:2:11:Infinity:undefined:undefined:undefined:undefined":5,"s:10:2:11:Infinity":10,"s:11:4:11:Infinity":11,"s:13:2:13:Infinity":12}}}
,"C:\\Users\\rafal\\Documents\\GitHub\\job-tracker-pro\\src\\utils\\dateUtils.ts": {"path":"C:\\Users\\rafal\\Documents\\GitHub\\job-tracker-pro\\src\\utils\\dateUtils.ts","statementMap":{"0":{"start":{"line":8,"column":13},"end":{"line":9,"column":40}},"1":{"start":{"line":9,"column":2},"end":{"line":9,"column":40}},"2":{"start":{"line":11,"column":13},"end":{"line":12,"column":35}},"3":{"start":{"line":12,"column":2},"end":{"line":12,"column":35}},"4":{"start":{"line":14,"column":13},"end":{"line":16,"column":null}},"5":{"start":{"line":15,"column":15},"end":{"line":15,"column":32}},"6":{"start":{"line":16,"column":2},"end":{"line":16,"column":null}},"7":{"start":{"line":19,"column":13},"end":{"line":21,"column":null}},"8":{"start":{"line":20,"column":15},"end":{"line":20,"column":32}},"9":{"start":{"line":21,"column":2},"end":{"line":21,"column":null}},"10":{"start":{"line":24,"column":13},"end":{"line":26,"column":null}},"11":{"start":{"line":25,"column":16},"end":{"line":25,"column":26}},"12":{"start":{"line":26,"column":2},"end":{"line":26,"column":null}},"13":{"start":{"line":29,"column":13},"end":{"line":53,"column":null}},"14":{"start":{"line":34,"column":20},"end":{"line":34,"column":44}},"15":{"start":{"line":35,"column":19},"end":{"line":35,"column":47}},"16":{"start":{"line":36,"column":39},"end":{"line":36,"column":41}},"17":{"start":{"line":39,"column":2},"end":{"line":40,"column":null}},"18":{"start":{"line":39,"column":15},"end":{"line":39,"column":18}},"19":{"start":{"line":40,"column":4},"end":{"line":40,"column":null}},"20":{"start":{"line":44,"column":2},"end":{"line":50,"column":null}},"21":{"start":{"line":44,"column":15},"end":{"line":44,"column":18}},"22":{"start":{"line":45,"column":23},"end":{"line":49,"column":null}},"23":{"start":{"line":46,"column":6},"end":{"line":46,"column":null}},"24":{"start":{"line":46,"column":30},"end":{"line":46,"column":null}},"25":{"start":{"line":47,"column":20},"end":{"line":47,"column":47}},"26":{"start":{"line":48,"column":6},"end":{"line":48,"column":null}},"27":{"start":{"line":50,"column":4},"end":{"line":50,"column":null}},"28":{"start":{"line":53,"column":2},"end":{"line":53,"column":null}}},"fnMap":{"0":{"name":"(anonymous_0)","decl":{"start":{"line":8,"column":13},"end":{"line":8,"column":28}},"loc":{"start":{"line":9,"column":2},"end":{"line":9,"column":40}},"line":9},"1":{"name":"(anonymous_1)","decl":{"start":{"line":11,"column":13},"end":{"line":11,"column":32}},"loc":{"start":{"line":12,"column":2},"end":{"line":12,"column":35}},"line":12},"2":{"name":"(anonymous_2)","decl":{"start":{"line":14,"column":13},"end":{"line":14,"column":36}},"loc":{"start":{"line":14,"column":64},"end":{"line":16,"column":null}},"line":14},"3":{"name":"(anonymous_3)","decl":{"start":{"line":19,"column":13},"end":{"line":19,"column":36}},"loc":{"start":{"line":19,"column":64},"end":{"line":21,"column":null}},"line":19},"4":{"name":"(anonymous_4)","decl":{"start":{"line":24,"column":13},"end":{"line":24,"column":24}},"loc":{"start":{"line":24,"column":78},"end":{"line":26,"column":null}},"line":24},"5":{"name":"(anonymous_5)","decl":{"start":{"line":29,"column":13},"end":{"line":29,"column":null}},"loc":{"start":{"line":33,"column":29},"end":{"line":53,"column":null}},"line":33},"6":{"name":"(anonymous_6)","decl":{"start":{"line":45,"column":37},"end":{"line":45,"column":44}},"loc":{"start":{"line":45,"column":51},"end":{"line":49,"column":null}},"line":45}},"branchMap":{"0":{"loc":{"start":{"line":26,"column":9},"end":{"line":26,"column":94}},"type":"binary-expr","locations":[{"start":{"line":26,"column":9},"end":{"line":26,"column":32}},{"start":{"line":26,"column":36},"end":{"line":26,"column":62}},{"start":{"line":26,"column":66},"end":{"line":26,"column":94}}],"line":26},"1":{"loc":{"start":{"line":46,"column":6},"end":{"line":46,"column":null}},"type":"if","locations":[{"start":{"line":46,"column":6},"end":{"line":46,"column":null}},{"start":{},"end":{}}],"line":46},"2":{"loc":{"start":{"line":48,"column":13},"end":{"line":48,"column":null}},"type":"binary-expr","locations":[{"start":{"line":48,"column":13},"end":{"line":48,"column":38}},{"start":{"line":48,"column":38},"end":{"line":48,"column":68}},{"start":{"line":48,"column":68},"end":{"line":48,"column":null}}],"line":48}},"s":{"0":1,"1":4,"2":1,"3":2,"4":1,"5":1,"6":1,"7":1,"8":1,"9":1,"10":1,"11":2,"12":2,"13":1,"14":1,"15":1,"16":1,"17":1,"18":1,"19":1,"20":1,"21":1,"22":30,"23":30,"24":0,"25":30,"26":30,"27":30,"28":30},"f":{"0":4,"1":2,"2":1,"3":1,"4":2,"5":1,"6":30},"b":{"0":[2,1,1],"1":[0,30],"2":[30,1,1]},"meta":{"lastBranch":3,"lastFunction":7,"lastStatement":29,"seen":{"s:8:13:9:40":0,"f:8:13:8:28":0,"s:9:2:9:40":1,"s:11:13:12:35":2,"f:11:13:11:32":1,"s:12:2:12:35":3,"s:14:13:16:Infinity":4,"f:14:13:14:36":2,"s:15:15:15:32":5,"s:16:2:16:Infinity":6,"s:19:13:21:Infinity":7,"f:19:13:19:36":3,"s:20:15:20:32":8,"s:21:2:21:Infinity":9,"s:24:13:26:Infinity":10,"f:24:13:24:24":4,"s:25:16:25:26":11,"s:26:2:26:Infinity":12,"b:26:9:26:32:26:36:26:62:26:66:26:94":0,"s:29:13:53:Infinity":13,"f:29:13:29:Infinity":5,"s:34:20:34:44":14,"s:35:19:35:47":15,"s:36:39:36:41":16,"s:39:2:40:Infinity":17,"s:39:15:39:18":18,"s:40:4:40:Infinity":19,"s:44:2:50:Infinity":20,"s:44:15:44:18":21,"s:45:23:49:Infinity":22,"f:45:37:45:44":6,"b:46:6:46:Infinity:undefined:undefined:undefined:undefined":1,"s:46:6:46:Infinity":23,"s:46:30:46:Infinity":24,"s:47:20:47:47":25,"s:48:6:48:Infinity":26,"b:48:13:48:38:48:38:48:68:48:68:48:Infinity":2,"s:50:4:50:Infinity":27,"s:53:2:53:Infinity":28}}}
,"C:\\Users\\rafal\\Documents\\GitHub\\job-tracker-pro\\src\\utils\\insightsUtils.ts": {"path":"C:\\Users\\rafal\\Documents\\GitHub\\job-tracker-pro\\src\\utils\\insightsUtils.ts","statementMap":{"0":{"start":{"line":14,"column":13},"end":{"line":32,"column":null}},"1":{"start":{"line":15,"column":16},"end":{"line":15,"column":null}},"2":{"start":{"line":16,"column":18},"end":{"line":16,"column":null}},"3":{"start":{"line":17,"column":14},"end":{"line":17,"column":null}},"4":{"start":{"line":18,"column":17},"end":{"line":18,"column":null}},"5":{"start":{"line":20,"column":2},"end":{"line":25,"column":null}},"6":{"start":{"line":21,"column":4},"end":{"line":21,"column":null}},"7":{"start":{"line":21,"column":34},"end":{"line":21,"column":null}},"8":{"start":{"line":22,"column":4},"end":{"line":22,"column":null}},"9":{"start":{"line":22,"column":36},"end":{"line":22,"column":null}},"10":{"start":{"line":23,"column":4},"end":{"line":23,"column":null}},"11":{"start":{"line":23,"column":32},"end":{"line":23,"column":null}},"12":{"start":{"line":24,"column":4},"end":{"line":24,"column":null}},"13":{"start":{"line":24,"column":35},"end":{"line":24,"column":null}},"14":{"start":{"line":27,"column":2},"end":{"line":32,"column":null}},"15":{"start":{"line":32,"column":16},"end":{"line":32,"column":28}},"16":{"start":{"line":35,"column":13},"end":{"line":59,"column":null}},"17":{"start":{"line":36,"column":14},"end":{"line":36,"column":39}},"18":{"start":{"line":37,"column":12},"end":{"line":37,"column":35}},"19":{"start":{"line":38,"column":2},"end":{"line":38,"column":null}},"20":{"start":{"line":41,"column":2},"end":{"line":45,"column":null}},"21":{"start":{"line":41,"column":15},"end":{"line":41,"column":19}},"22":{"start":{"line":42,"column":17},"end":{"line":42,"column":28}},"23":{"start":{"line":43,"column":4},"end":{"line":43,"column":null}},"24":{"start":{"line":44,"column":16},"end":{"line":44,"column":null}},"25":{"start":{"line":45,"column":4},"end":{"line":45,"column":null}},"26":{"start":{"line":48,"column":2},"end":{"line":54,"column":null}},"27":{"start":{"line":49,"column":15},"end":{"line":49,"column":33}},"28":{"start":{"line":50,"column":16},"end":{"line":50,"column":null}},"29":{"start":{"line":51,"column":4},"end":{"line":52,"column":null}},"30":{"start":{"line":52,"column":6},"end":{"line":52,"column":null}},"31":{"start":{"line":56,"column":2},"end":{"line":59,"column":null}},"32":{"start":{"line":56,"column":58},"end":{"line":59,"column":5}}},"fnMap":{"0":{"name":"(anonymous_0)","decl":{"start":{"line":14,"column":13},"end":{"line":14,"column":34}},"loc":{"start":{"line":14,"column":64},"end":{"line":32,"column":null}},"line":14},"1":{"name":"(anonymous_1)","decl":{"start":{"line":20,"column":7},"end":{"line":20,"column":15}},"loc":{"start":{"line":20,"column":22},"end":{"line":25,"column":null}},"line":20},"2":{"name":"(anonymous_2)","decl":{"start":{"line":32,"column":4},"end":{"line":32,"column":11}},"loc":{"start":{"line":32,"column":16},"end":{"line":32,"column":28}},"line":32},"3":{"name":"(anonymous_3)","decl":{"start":{"line":35,"column":13},"end":{"line":35,"column":36}},"loc":{"start":{"line":35,"column":102},"end":{"line":59,"column":null}},"line":35},"4":{"name":"(anonymous_4)","decl":{"start":{"line":48,"column":7},"end":{"line":48,"column":15}},"loc":{"start":{"line":48,"column":22},"end":{"line":54,"column":null}},"line":48},"5":{"name":"(anonymous_5)","decl":{"start":{"line":56,"column":35},"end":{"line":56,"column":40}},"loc":{"start":{"line":56,"column":58},"end":{"line":59,"column":5}},"line":56}},"branchMap":{"0":{"loc":{"start":{"line":21,"column":4},"end":{"line":21,"column":null}},"type":"if","locations":[{"start":{"line":21,"column":4},"end":{"line":21,"column":null}},{"start":{},"end":{}}],"line":21},"1":{"loc":{"start":{"line":22,"column":4},"end":{"line":22,"column":null}},"type":"if","locations":[{"start":{"line":22,"column":4},"end":{"line":22,"column":null}},{"start":{},"end":{}}],"line":22},"2":{"loc":{"start":{"line":23,"column":4},"end":{"line":23,"column":null}},"type":"if","locations":[{"start":{"line":23,"column":4},"end":{"line":23,"column":null}},{"start":{},"end":{}}],"line":23},"3":{"loc":{"start":{"line":24,"column":4},"end":{"line":24,"column":null}},"type":"if","locations":[{"start":{"line":24,"column":4},"end":{"line":24,"column":null}},{"start":{},"end":{}}],"line":24},"4":{"loc":{"start":{"line":35,"column":49},"end":{"line":35,"column":81}},"type":"default-arg","locations":[{"start":{"line":35,"column":71},"end":{"line":35,"column":81}}],"line":35},"5":{"loc":{"start":{"line":51,"column":4},"end":{"line":52,"column":null}},"type":"if","locations":[{"start":{"line":51,"column":4},"end":{"line":52,"column":null}},{"start":{},"end":{}}],"line":51}},"s":{"0":1,"1":1,"2":1,"3":1,"4":1,"5":1,"6":4,"7":1,"8":4,"9":2,"10":4,"11":1,"12":4,"13":0,"14":1,"15":4,"16":1,"17":1,"18":1,"19":1,"20":1,"21":1,"22":14,"23":14,"24":14,"25":14,"26":1,"27":4,"28":4,"29":4,"30":4,"31":1,"32":14},"f":{"0":1,"1":4,"2":4,"3":1,"4":4,"5":14},"b":{"0":[1,3],"1":[2,2],"2":[1,3],"3":[0,4],"4":[1],"5":[4,0]},"meta":{"lastBranch":6,"lastFunction":6,"lastStatement":33,"seen":{"s:14:13:32:Infinity":0,"f:14:13:14:34":0,"s:15:16:15:Infinity":1,"s:16:18:16:Infinity":2,"s:17:14:17:Infinity":3,"s:18:17:18:Infinity":4,"s:20:2:25:Infinity":5,"f:20:7:20:15":1,"b:21:4:21:Infinity:undefined:undefined:undefined:undefined":0,"s:21:4:21:Infinity":6,"s:21:34:21:Infinity":7,"b:22:4:22:Infinity:undefined:undefined:undefined:undefined":1,"s:22:4:22:Infinity":8,"s:22:36:22:Infinity":9,"b:23:4:23:Infinity:undefined:undefined:undefined:undefined":2,"s:23:4:23:Infinity":10,"s:23:32:23:Infinity":11,"b:24:4:24:Infinity:undefined:undefined:undefined:undefined":3,"s:24:4:24:Infinity":12,"s:24:35:24:Infinity":13,"s:27:2:32:Infinity":14,"f:32:4:32:11":2,"s:32:16:32:28":15,"s:35:13:59:Infinity":16,"f:35:13:35:36":3,"b:35:71:35:81":4,"s:36:14:36:39":17,"s:37:12:37:35":18,"s:38:2:38:Infinity":19,"s:41:2:45:Infinity":20,"s:41:15:41:19":21,"s:42:17:42:28":22,"s:43:4:43:Infinity":23,"s:44:16:44:Infinity":24,"s:45:4:45:Infinity":25,"s:48:2:54:Infinity":26,"f:48:7:48:15":4,"s:49:15:49:33":27,"s:50:16:50:Infinity":28,"b:51:4:52:Infinity:undefined:undefined:undefined:undefined":5,"s:51:4:52:Infinity":29,"s:52:6:52:Infinity":30,"s:56:2:59:Infinity":31,"f:56:35:56:40":5,"s:56:58:59:5":32}}}
,"C:\\Users\\rafal\\Documents\\GitHub\\job-tracker-pro\\src\\utils\\urlUtils.ts": {"path":"C:\\Users\\rafal\\Documents\\GitHub\\job-tracker-pro\\src\\utils\\urlUtils.ts","statementMap":{"0":{"start":{"line":5,"column":13},"end":{"line":6,"column":43}},"1":{"start":{"line":6,"column":2},"end":{"line":6,"column":43}}},"fnMap":{"0":{"name":"(anonymous_0)","decl":{"start":{"line":5,"column":13},"end":{"line":5,"column":26}},"loc":{"start":{"line":6,"column":2},"end":{"line":6,"column":43}},"line":6}},"branchMap":{"0":{"loc":{"start":{"line":6,"column":2},"end":{"line":6,"column":43}},"type":"binary-expr","locations":[{"start":{"line":6,"column":2},"end":{"line":6,"column":11}},{"start":{"line":6,"column":11},"end":{"line":6,"column":43}}],"line":6}},"s":{"0":1,"1":14},"f":{"0":14},"b":{"0":[14,12]},"meta":{"lastBranch":1,"lastFunction":1,"lastStatement":2,"seen":{"s:5:13:6:43":0,"f:5:13:5:26":0,"s:6:2:6:43":1,"b:6:2:6:11:6:11:6:43":0}}}
}
